[INFO] Scanning for projects...
[INFO] 
[INFO] -----------< org.voomega.keycloak.pocs:voomega-api-gateway >------------
[INFO] Building voomega-api-gateway 0.0.1-SNAPSHOT
[INFO] --------------------------------[ jar ]---------------------------------
[INFO] 
[INFO] --- maven-dependency-plugin:2.8:tree (default-cli) @ voomega-api-gateway ---
[INFO] org.voomega.keycloak.pocs:voomega-api-gateway:jar:0.0.1-SNAPSHOT
[INFO] +- org.springframework.boot:spring-boot-starter:jar:4.0.0-M1:compile
[INFO] |  +- org.springframework.boot:spring-boot-starter-logging:jar:4.0.0-M1:compile
[INFO] |  |  \- org.springframework.boot:spring-boot-starter-logback:jar:4.0.0-M1:compile
[INFO] |  |     +- ch.qos.logback:logback-classic:jar:1.5.18:compile
[INFO] |  |     |  +- ch.qos.logback:logback-core:jar:1.5.18:compile
[INFO] |  |     |  \- org.slf4j:slf4j-api:jar:1.7.2:compile
[INFO] |  |     +- org.apache.logging.log4j:log4j-to-slf4j:jar:2.24.3:compile
[INFO] |  |     |  \- org.apache.logging.log4j:log4j-api:jar:2.24.3:compile
[INFO] |  |     \- org.slf4j:jul-to-slf4j:jar:2.0.17:compile
[INFO] |  +- org.springframework.boot:spring-boot-autoconfigure:jar:4.0.0-M1:compile
[INFO] |  |  \- org.springframework.boot:spring-boot:jar:4.0.0-M1:compile
[INFO] |  |     +- org.springframework:spring-core:jar:7.0.0-M7:compile
[INFO] |  |     |  \- commons-logging:commons-logging:jar:1.3.5:compile
[INFO] |  |     \- org.springframework:spring-context:jar:7.0.0-M7:compile
[INFO] |  |        \- org.springframework:spring-expression:jar:7.0.0-M7:compile
[INFO] |  +- jakarta.annotation:jakarta.annotation-api:jar:3.0.0:compile
[INFO] |  \- org.yaml:snakeyaml:jar:2.4:compile
[INFO] +- org.springframework.boot:spring-boot-starter-web:jar:4.0.0-M1:compile
[INFO] |  \- org.springframework.boot:spring-boot-starter-webmvc:jar:4.0.0-M1:compile
[INFO] |     +- org.springframework.boot:spring-boot-starter-json:jar:4.0.0-M1:compile
[INFO] |     |  \- org.springframework.boot:spring-boot-starter-jackson:jar:4.0.0-M1:compile
[INFO] |     |     +- org.springframework.boot:spring-boot-jackson:jar:4.0.0-M1:compile
[INFO] |     |     +- com.fasterxml.jackson.datatype:jackson-datatype-jdk8:jar:2.19.2:compile
[INFO] |     |     \- com.fasterxml.jackson.module:jackson-module-parameter-names:jar:2.19.2:compile
[INFO] |     +- org.springframework.boot:spring-boot-starter-tomcat:jar:4.0.0-M1:compile
[INFO] |     |  +- org.springframework.boot:spring-boot-tomcat:jar:4.0.0-M1:compile
[INFO] |     |  |  +- org.springframework.boot:spring-boot-web-server:jar:4.0.0-M1:compile
[INFO] |     |  |  \- org.apache.tomcat.embed:tomcat-embed-core:jar:11.0.9:compile
[INFO] |     |  +- org.apache.tomcat.embed:tomcat-embed-el:jar:11.0.9:compile
[INFO] |     |  \- org.apache.tomcat.embed:tomcat-embed-websocket:jar:11.0.9:compile
[INFO] |     +- org.springframework.boot:spring-boot-http-converter:jar:4.0.0-M1:compile
[INFO] |     \- org.springframework.boot:spring-boot-webmvc:jar:4.0.0-M1:compile
[INFO] |        +- org.springframework.boot:spring-boot-servlet:jar:4.0.0-M1:compile
[INFO] |        \- org.springframework:spring-webmvc:jar:5.3.39:compile
[INFO] +- org.springframework.boot:spring-boot-starter-actuator:jar:4.0.0-M1:compile
[INFO] |  +- org.springframework.boot:spring-boot-actuator-autoconfigure:jar:4.0.0-M1:compile
[INFO] |  |  +- org.springframework.boot:spring-boot-actuator:jar:4.0.0-M1:compile
[INFO] |  |  +- com.fasterxml.jackson.core:jackson-databind:jar:2.12.0:compile
[INFO] |  |  |  +- com.fasterxml.jackson.core:jackson-annotations:jar:2.12.0:compile
[INFO] |  |  |  \- com.fasterxml.jackson.core:jackson-core:jar:2.12.0:compile
[INFO] |  |  \- com.fasterxml.jackson.datatype:jackson-datatype-jsr310:jar:2.19.2:compile
[INFO] |  +- org.springframework.boot:spring-boot-health:jar:4.0.0-M1:compile
[INFO] |  +- org.springframework.boot:spring-boot-metrics:jar:4.0.0-M1:compile
[INFO] |  |  +- org.springframework.boot:spring-boot-observation:jar:4.0.0-M1:compile
[INFO] |  |  \- io.micrometer:micrometer-core:jar:1.16.0-M1:compile
[INFO] |  |     +- org.hdrhistogram:HdrHistogram:jar:2.2.2:runtime
[INFO] |  |     \- org.latencyutils:LatencyUtils:jar:2.0.3:runtime
[INFO] |  +- org.springframework.boot:spring-boot-tracing:jar:4.0.0-M1:compile
[INFO] |  |  \- io.micrometer:micrometer-tracing:jar:1.6.0-M1:compile
[INFO] |  |     \- io.micrometer:context-propagation:jar:1.1.3:compile
[INFO] |  +- io.micrometer:micrometer-observation:jar:1.16.0-M1:compile
[INFO] |  |  +- org.jspecify:jspecify:jar:1.0.0:compile
[INFO] |  |  \- io.micrometer:micrometer-commons:jar:1.16.0-M1:compile
[INFO] |  \- io.micrometer:micrometer-jakarta9:jar:1.16.0-M1:compile
[INFO] +- org.springframework.boot:spring-boot-starter-oauth2-client:jar:4.0.0-M1:compile
[INFO] |  \- org.springframework.boot:spring-boot-starter-security-oauth2-client:jar:4.0.0-M1:compile
[INFO] |     +- org.springframework.boot:spring-boot-starter-security:jar:4.0.0-M1:compile
[INFO] |     |  +- org.springframework.boot:spring-boot-security:jar:4.0.0-M1:compile
[INFO] |     |  |  +- org.springframework.security:spring-security-config:jar:5.8.16:compile
[INFO] |     |  |  \- org.springframework.security:spring-security-web:jar:5.8.16:compile
[INFO] |     |  \- org.springframework:spring-aop:jar:7.0.0-M7:compile
[INFO] |     +- org.springframework.boot:spring-boot-security-oauth2-client:jar:4.0.0-M1:compile
[INFO] |     |  \- org.springframework.security:spring-security-oauth2-client:jar:7.0.0-M1:compile
[INFO] |     |     \- com.nimbusds:oauth2-oidc-sdk:jar:11.26:compile
[INFO] |     |        +- com.nimbusds:content-type:jar:2.3:compile
[INFO] |     |        +- net.minidev:json-smart:jar:2.5.2:compile
[INFO] |     |        |  \- net.minidev:accessors-smart:jar:2.5.2:compile
[INFO] |     |        |     \- org.ow2.asm:asm:jar:9.7.1:compile
[INFO] |     |        \- com.nimbusds:lang-tag:jar:1.7:compile
[INFO] |     \- org.springframework.security:spring-security-oauth2-jose:jar:5.8.16:compile
[INFO] |        +- org.springframework.security:spring-security-core:jar:5.8.16:compile
[INFO] |        +- org.springframework.security:spring-security-oauth2-core:jar:5.8.16:compile
[INFO] |        \- com.nimbusds:nimbus-jose-jwt:jar:9.24.4:compile
[INFO] |           \- com.github.stephenc.jcip:jcip-annotations:jar:1.0-1:compile
[INFO] \- org.springframework.cloud:spring-cloud-starter-gateway:jar:4.3.0:compile
[INFO]    +- org.springframework.cloud:spring-cloud-starter:jar:4.3.0:compile
[INFO]    |  +- org.springframework.cloud:spring-cloud-context:jar:4.3.0:compile
[INFO]    |  |  \- org.springframework.security:spring-security-crypto:jar:6.5.0:compile
[INFO]    |  +- org.springframework.cloud:spring-cloud-commons:jar:4.3.0:compile
[INFO]    |  \- org.bouncycastle:bcprov-jdk18on:jar:1.80:compile
[INFO]    +- org.springframework.cloud:spring-cloud-gateway-server:jar:4.3.0:compile
[INFO]    |  +- org.springframework.boot:spring-boot-starter-validation:jar:3.5.0:compile
[INFO]    |  |  \- org.hibernate.validator:hibernate-validator:jar:8.0.2.Final:compile
[INFO]    |  |     +- jakarta.validation:jakarta.validation-api:jar:3.0.2:compile
[INFO]    |  |     +- org.jboss.logging:jboss-logging:jar:3.4.3.Final:compile
[INFO]    |  |     \- com.fasterxml:classmate:jar:1.5.1:compile
[INFO]    |  \- io.projectreactor.addons:reactor-extra:jar:3.5.2:compile
[INFO]    |     \- io.projectreactor:reactor-core:jar:3.5.20:compile
[INFO]    |        \- org.reactivestreams:reactive-streams:jar:1.0.4:compile
[INFO]    +- org.springframework.boot:spring-boot-starter-webflux:jar:3.5.0:compile
[INFO]    |  +- org.springframework.boot:spring-boot-starter-reactor-netty:jar:3.5.0:compile
[INFO]    |  |  \- io.projectreactor.netty:reactor-netty-http:jar:1.2.6:compile
[INFO]    |  |     +- io.netty:netty-codec-http:jar:4.1.121.Final:compile
[INFO]    |  |     |  +- io.netty:netty-common:jar:4.1.121.Final:compile
[INFO]    |  |     |  +- io.netty:netty-buffer:jar:4.1.121.Final:compile
[INFO]    |  |     |  +- io.netty:netty-transport:jar:4.1.121.Final:compile
[INFO]    |  |     |  +- io.netty:netty-codec:jar:4.1.121.Final:compile
[INFO]    |  |     |  \- io.netty:netty-handler:jar:4.1.121.Final:compile
[INFO]    |  |     +- io.netty:netty-codec-http2:jar:4.1.121.Final:compile
[INFO]    |  |     +- io.netty:netty-resolver-dns:jar:4.1.121.Final:compile
[INFO]    |  |     |  +- io.netty:netty-resolver:jar:4.1.121.Final:compile
[INFO]    |  |     |  \- io.netty:netty-codec-dns:jar:4.1.121.Final:compile
[INFO]    |  |     +- io.netty:netty-resolver-dns-native-macos:jar:osx-x86_64:4.1.121.Final:compile
[INFO]    |  |     |  \- io.netty:netty-resolver-dns-classes-macos:jar:4.1.121.Final:compile
[INFO]    |  |     +- io.netty:netty-transport-native-epoll:jar:linux-x86_64:4.1.121.Final:compile
[INFO]    |  |     |  +- io.netty:netty-transport-native-unix-common:jar:4.1.121.Final:compile
[INFO]    |  |     |  \- io.netty:netty-transport-classes-epoll:jar:4.1.121.Final:compile
[INFO]    |  |     \- io.projectreactor.netty:reactor-netty-core:jar:1.2.6:compile
[INFO]    |  |        \- io.netty:netty-handler-proxy:jar:4.1.121.Final:compile
[INFO]    |  |           \- io.netty:netty-codec-socks:jar:4.1.121.Final:compile
[INFO]    |  +- org.springframework:spring-web:jar:6.2.7:compile
[INFO]    |  |  \- org.springframework:spring-beans:jar:6.2.7:compile
[INFO]    |  \- org.springframework:spring-webflux:jar:6.2.7:compile
[INFO]    \- org.springframework.boot:spring-boot-properties-migrator:jar:3.5.0:compile
[INFO]       \- org.springframework.boot:spring-boot-configuration-metadata:jar:3.5.0:runtime
[INFO]          \- com.vaadin.external.google:android-json:jar:0.0.20131108.vaadin1:runtime
[INFO] ------------------------------------------------------------------------
[INFO] BUILD SUCCESS
[INFO] ------------------------------------------------------------------------
[INFO] Total time:  5.253 s
[INFO] Finished at: 2025-07-28T00:59:25+02:00
[INFO] ------------------------------------------------------------------------
