[INFO] Scanning for projects...
[INFO] 
[INFO] -------------------< org.voomega:keycloak.test.api >--------------------
[INFO] Building keycloak.test.api 0.0.1-SNAPSHOT
[INFO] --------------------------------[ war ]---------------------------------
[INFO] 
[INFO] --- maven-dependency-plugin:2.8:tree (default-cli) @ keycloak.test.api ---
[INFO] org.voomega:keycloak.test.api:war:0.0.1-SNAPSHOT
[INFO] +- org.jboss.resteasy:resteasy-spring:jar:3.0.10.Final:compile
[INFO] |  +- org.jboss.resteasy:resteasy-jaxrs:jar:3.0.10.Final:compile
[INFO] |  |  +- org.apache.httpcomponents:httpclient:jar:4.2.6:compile
[INFO] |  |  |  +- org.apache.httpcomponents:httpcore:jar:4.2.5:compile
[INFO] |  |  |  +- commons-logging:commons-logging:jar:1.1.1:compile
[INFO] |  |  |  \- commons-codec:commons-codec:jar:1.6:compile
[INFO] |  |  +- commons-io:commons-io:jar:2.1:compile
[INFO] |  |  \- net.jcip:jcip-annotations:jar:1.0:compile
[INFO] |  +- org.jboss.resteasy:jaxrs-api:jar:3.0.10.Final:compile
[INFO] |  +- org.jboss.resteasy:resteasy-jettison-provider:jar:3.0.10.Final:compile
[INFO] |  |  +- org.jboss.resteasy:resteasy-jaxb-provider:jar:3.0.10.Final:compile
[INFO] |  |  |  \- com.sun.xml.bind:jaxb-impl:jar:2.2.7:compile
[INFO] |  |  |     +- com.sun.xml.bind:jaxb-core:jar:2.2.7:compile
[INFO] |  |  |     |  +- javax.xml.bind:jaxb-api:jar:2.2.7:compile
[INFO] |  |  |     |  \- com.sun.istack:istack-commons-runtime:jar:2.16:compile
[INFO] |  |  |     \- com.sun.xml.fastinfoset:FastInfoset:jar:1.2.12:compile
[INFO] |  |  |        \- javax.xml.bind:jsr173_api:jar:1.0:compile
[INFO] |  |  \- org.codehaus.jettison:jettison:jar:1.3.2:compile
[INFO] |  +- org.jboss.spec.javax.annotation:jboss-annotations-api_1.1_spec:jar:1.0.1.Final:compile
[INFO] |  \- javax.activation:activation:jar:1.1:compile
[INFO] +- org.springframework:spring-webmvc:jar:5.2.13.RELEASE:compile
[INFO] |  +- org.springframework:spring-aop:jar:5.2.13.RELEASE:compile
[INFO] |  +- org.springframework:spring-beans:jar:5.2.13.RELEASE:compile
[INFO] |  +- org.springframework:spring-context:jar:5.2.13.RELEASE:compile
[INFO] |  +- org.springframework:spring-core:jar:5.2.13.RELEASE:compile
[INFO] |  |  \- org.springframework:spring-jcl:jar:5.2.13.RELEASE:compile
[INFO] |  +- org.springframework:spring-expression:jar:5.2.13.RELEASE:compile
[INFO] |  \- org.springframework:spring-web:jar:5.2.13.RELEASE:compile
[INFO] +- javax:javaee-web-api:jar:7.0:compile
[INFO] +- org.projectlombok:lombok:jar:1.16.0:compile
[INFO] +- com.google.guava:guava:jar:16.0.1:compile
[INFO] +- org.reactivestreams:reactive-streams:jar:1.0.4:compile
[INFO] +- log4j:log4j:jar:1.2.17:provided
[INFO] +- org.slf4j:slf4j-api:jar:1.7.2:compile
[INFO] \- org.junit.jupiter:junit-jupiter:jar:5.12.1:test
[INFO]    +- org.junit.jupiter:junit-jupiter-api:jar:5.12.1:test
[INFO]    |  +- org.opentest4j:opentest4j:jar:1.3.0:test
[INFO]    |  +- org.junit.platform:junit-platform-commons:jar:1.12.1:test
[INFO]    |  \- org.apiguardian:apiguardian-api:jar:1.1.2:test
[INFO]    +- org.junit.jupiter:junit-jupiter-params:jar:5.12.1:test
[INFO]    \- org.junit.jupiter:junit-jupiter-engine:jar:5.12.1:test
[INFO]       \- org.junit.platform:junit-platform-engine:jar:1.12.1:test
[INFO] ------------------------------------------------------------------------
[INFO] BUILD SUCCESS
[INFO] ------------------------------------------------------------------------
[INFO] Total time:  1.511 s
[INFO] Finished at: 2025-03-22T23:30:25+01:00
[INFO] ------------------------------------------------------------------------
