[INFO] Scanning for projects...
[INFO] ------------------------------------------------------------------------
[INFO] Reactor Build Order:
[INFO] 
[INFO] keycloak.test                                                      [pom]
[INFO] keycloak.test.ihm                                                  [war]
[INFO] keycloak.test.api                                                  [war]
[INFO] 
[INFO] ---------------------< org.voomega:keycloak.test >----------------------
[INFO] Building keycloak.test 0.0.1-SNAPSHOT                              [1/3]
[INFO] --------------------------------[ pom ]---------------------------------
[INFO] 
[INFO] --- maven-dependency-plugin:2.8:tree (default-cli) @ keycloak.test ---
[INFO] org.voomega:keycloak.test:pom:0.0.1-SNAPSHOT
[INFO] 
[INFO] -------------------< org.voomega:keycloak.test.ihm >--------------------
[INFO] Building keycloak.test.ihm 0.0.1-SNAPSHOT                          [2/3]
[INFO] --------------------------------[ war ]---------------------------------
[INFO] 
[INFO] --- maven-dependency-plugin:2.8:tree (default-cli) @ keycloak.test.ihm ---
[INFO] org.voomega:keycloak.test.ihm:war:0.0.1-SNAPSHOT
[INFO] \- org.junit.jupiter:junit-jupiter:jar:5.12.1:test
[INFO]    +- org.junit.jupiter:junit-jupiter-api:jar:5.12.1:test
[INFO]    |  +- org.opentest4j:opentest4j:jar:1.3.0:test
[INFO]    |  +- org.junit.platform:junit-platform-commons:jar:1.12.1:test
[INFO]    |  \- org.apiguardian:apiguardian-api:jar:1.1.2:test
[INFO]    +- org.junit.jupiter:junit-jupiter-params:jar:5.12.1:test
[INFO]    \- org.junit.jupiter:junit-jupiter-engine:jar:5.12.1:test
[INFO]       \- org.junit.platform:junit-platform-engine:jar:1.12.1:test
[INFO] 
[INFO] -------------------< org.voomega:keycloak.test.api >--------------------
[INFO] Building keycloak.test.api 0.0.1-SNAPSHOT                          [3/3]
[INFO] --------------------------------[ war ]---------------------------------
[INFO] 
[INFO] --- maven-dependency-plugin:2.8:tree (default-cli) @ keycloak.test.api ---
[INFO] org.voomega:keycloak.test.api:war:0.0.1-SNAPSHOT
[INFO] +- org.springframework:spring-web:jar:5.2.13.RELEASE:compile
[INFO] |  +- org.springframework:spring-beans:jar:5.2.13.RELEASE:compile
[INFO] |  \- org.springframework:spring-core:jar:5.2.13.RELEASE:compile
[INFO] |     \- org.springframework:spring-jcl:jar:5.2.13.RELEASE:compile
[INFO] +- org.springframework:spring-context:jar:5.2.13.RELEASE:compile
[INFO] |  +- org.springframework:spring-aop:jar:5.2.13.RELEASE:compile
[INFO] |  \- org.springframework:spring-expression:jar:5.2.13.RELEASE:compile
[INFO] +- org.springframework.security:spring-security-core:jar:5.2.13.RELEASE:compile
[INFO] +- org.jboss.resteasy:resteasy-spring:jar:3.8.0.Final:compile
[INFO] |  +- org.jboss.resteasy:resteasy-jaxrs:jar:3.8.0.Final:compile
[INFO] |  |  +- org.jboss.spec.javax.xml.bind:jboss-jaxb-api_2.3_spec:jar:1.0.1.Final:compile
[INFO] |  |  +- org.reactivestreams:reactive-streams:jar:1.0.2:compile
[INFO] |  |  +- javax.validation:validation-api:jar:2.0.1.Final:compile
[INFO] |  |  +- org.apache.httpcomponents:httpclient:jar:4.5.4:compile
[INFO] |  |  |  +- org.apache.httpcomponents:httpcore:jar:4.4.7:compile
[INFO] |  |  |  +- commons-logging:commons-logging:jar:1.2:compile
[INFO] |  |  |  \- commons-codec:commons-codec:jar:1.10:compile
[INFO] |  |  +- commons-io:commons-io:jar:2.5:compile
[INFO] |  |  \- com.github.stephenc.jcip:jcip-annotations:jar:1.0-1:compile
[INFO] |  +- org.jboss.spec.javax.ws.rs:jboss-jaxrs-api_2.1_spec:jar:1.0.2.Final:compile
[INFO] |  +- org.jboss.spec.javax.annotation:jboss-annotations-api_1.3_spec:jar:1.0.1.Final:compile
[INFO] |  +- javax.activation:activation:jar:1.1.1:compile
[INFO] |  \- org.jboss.logging:jboss-logging:jar:3.3.2.Final:compile
[INFO] +- org.jboss.resteasy:resteasy-jackson2-provider:jar:3.8.0.Final:compile
[INFO] |  +- com.fasterxml.jackson.core:jackson-core:jar:2.9.9:compile
[INFO] |  +- com.fasterxml.jackson.core:jackson-annotations:jar:2.9.9:compile
[INFO] |  \- com.github.fge:json-patch:jar:1.9:compile
[INFO] |     \- com.github.fge:jackson-coreutils:jar:1.6:compile
[INFO] |        +- com.github.fge:msg-simple:jar:1.1:compile
[INFO] |        |  \- com.github.fge:btf:jar:1.2:compile
[INFO] |        \- com.google.guava:guava:jar:16.0.1:compile
[INFO] +- javax:javaee-web-api:jar:7.0:compile
[INFO] +- com.fasterxml.jackson.core:jackson-databind:jar:2.3.5:compile
[INFO] +- com.fasterxml.jackson.jaxrs:jackson-jaxrs-json-provider:jar:2.3.5:compile
[INFO] |  \- com.fasterxml.jackson.jaxrs:jackson-jaxrs-base:jar:2.3.5:compile
[INFO] +- com.fasterxml.jackson.module:jackson-module-jaxb-annotations:jar:2.3.5:compile
[INFO] +- org.projectlombok:lombok:jar:1.16.0:compile
[INFO] +- log4j:log4j:jar:1.2.17:provided
[INFO] +- org.slf4j:slf4j-api:jar:1.7.2:compile
[INFO] \- org.junit.jupiter:junit-jupiter:jar:5.12.1:test
[INFO]    +- org.junit.jupiter:junit-jupiter-api:jar:5.12.1:test
[INFO]    |  +- org.opentest4j:opentest4j:jar:1.3.0:test
[INFO]    |  +- org.junit.platform:junit-platform-commons:jar:1.12.1:test
[INFO]    |  \- org.apiguardian:apiguardian-api:jar:1.1.2:test
[INFO]    +- org.junit.jupiter:junit-jupiter-params:jar:5.12.1:test
[INFO]    \- org.junit.jupiter:junit-jupiter-engine:jar:5.12.1:test
[INFO]       \- org.junit.platform:junit-platform-engine:jar:1.12.1:test
[INFO] ------------------------------------------------------------------------
[INFO] Reactor Summary for keycloak.test 0.0.1-SNAPSHOT:
[INFO] 
[INFO] keycloak.test ...................................... SUCCESS [  1.024 s]
[INFO] keycloak.test.ihm .................................. SUCCESS [  0.101 s]
[INFO] keycloak.test.api .................................. SUCCESS [  0.363 s]
[INFO] ------------------------------------------------------------------------
[INFO] BUILD SUCCESS
[INFO] ------------------------------------------------------------------------
[INFO] Total time:  1.775 s
[INFO] Finished at: 2025-03-21T06:09:32+01:00
[INFO] ------------------------------------------------------------------------
